[+] Scan démarré à 20260112_1502
-----------------------------
[CVE] Logiciels installés (extrait)
 
Status=Not/Inst/Conf-files/Unpacked/halF-conf/Half-inst/trig-aWait/Trig-pend 
Err?=(none)/Reinst-required (Status,Err:
Name Version
 
7zip 23.01+dfsg-11
accountsservice 23.13.9-2ubuntu6
acl 2.3.2-1build1.1
adduser 3.137ubuntu1
adwaita-icon-theme 46.0-1
alsa-base 1.0.25+dfsg-0ubuntu7
alsa-topology-conf 1.2.5.1-2
alsa-ucm-conf 1.2.10-1ubuntu5.7
alsa-utils 1.2.9-1ubuntu5
amd64-microcode 3.20250311.1ubuntu0.24.04.1
anacron 2.3-39ubuntu2
anki 2.1.15+dfsg-3ubuntu4.1
apache2 2.4.58-1ubuntu8.8
apache2-bin 2.4.58-1ubuntu8.8
apache2-data 2.4.58-1ubuntu8.8
-----------------------------
[PATH INJECTION] Répertoires writable
Writable : /usr/local/sbin
Writable : /usr/local/bin
Writable : /usr/sbin
Writable : /usr/bin
Writable : /sbin
Writable : /bin
-----------------------------
[RED TEAM] Artefacts suspects
>> authorized_keys
>> Processus suspects
root           5  0.0  0.0      0     0 ?        I<   Jan11   0:00 [kworker/R-sync_wq]
systemd+     772  0.0  0.0  91564  8356 ?        Ssl  Jan11   0:00 /usr/lib/systemd/systemd-timesyncd
root         834  0.0  0.0  83036  4536 ?        Ssl  Jan11   0:04 /usr/sbin/irqbalance
creep       2497  0.0  0.0 383104  8312 ?        Sl   Jan11   0:00 /usr/libexec/at-spi-bus-launcher --launch-immediately
creep       2645  0.0  0.2 541740 39924 ?        Sl   Jan11   0:02 cinnamon-launcher
root      482959  0.0  0.0   8308  2556 ?        S    Jan11   0:00 dbus-launch --autolaunch=c664d44329d54e2a92dd818f6c87ce98 --binary-syntax --close-stderr
-----------------------------
[SUDOERS] Entrées dangereuses
/etc/sudoers.d/mintdrivers:ALL ALL = NOPASSWD:/usr/bin/mintdrivers-remove-live-media
/etc/sudoers.d/mintdrivers:ALL ALL = NOPASSWD:/usr/bin/mintdrivers-load-broadcom-modules
/etc/sudoers.d/mintupdate:ALL ALL = NOPASSWD:/usr/bin/mint-refresh-cache
/etc/sudoers.d/mintupdate:ALL ALL = NOPASSWD:/usr/lib/linuxmint/mintUpdate/dpkg_lock_check.sh
-----------------------------
[SUID / SGID] Binaires à privilèges
/usr/sbin/mount.cifs
/usr/sbin/unix_chkpwd
/usr/sbin/pppd
/usr/sbin/mount.ecryptfs_private
/usr/sbin/pam_extrausers_chkpwd
/usr/libexec/spice-client-glib-usb-acl-helper
/usr/libexec/camel-lock-helper-1.2
/usr/bin/su
/usr/bin/passwd
/usr/bin/ssh-agent
/usr/bin/umount
/usr/bin/crontab
/usr/bin/gpasswd
/usr/bin/chfn
/usr/bin/chsh
/usr/bin/newgrp
/usr/bin/expiry
/usr/bin/mount
/usr/bin/chage
/usr/bin/plocate
/usr/bin/sudo
/usr/bin/pkexec
/usr/bin/fusermount3
/usr/lib/virtualbox/VBoxNetNAT
/usr/lib/virtualbox/VBoxHeadless
/usr/lib/virtualbox/VBoxNetDHCP
/usr/lib/virtualbox/VBoxNetAdpCtl
/usr/lib/virtualbox/VBoxVolInfo
/usr/lib/virtualbox/VirtualBoxVM
/usr/lib/cockpit/cockpit-session
/usr/lib/openssh/ssh-keysign
/usr/lib/dbus-1.0/dbus-daemon-launch-helper
/usr/lib/polkit-1/polkit-agent-helper-1
/usr/lib/xorg/Xorg.wrap
/opt/lampp/bin/suexec
/opt/pt/bin/updatepttp
/timeshift/snapshots/2025-10-20_11-27-45/localhost/usr/sbin/mount.cifs
/timeshift/snapshots/2025-10-20_11-27-45/localhost/usr/sbin/unix_chkpwd
/timeshift/snapshots/2025-10-20_11-27-45/localhost/usr/sbin/pppd
/timeshift/snapshots/2025-10-20_11-27-45/localhost/usr/sbin/mount.ecryptfs_private
/timeshift/snapshots/2025-10-20_11-27-45/localhost/usr/sbin/pam_extrausers_chkpwd
/timeshift/snapshots/2025-10-20_11-27-45/localhost/usr/libexec/camel-lock-helper-1.2
/timeshift/snapshots/2025-10-20_11-27-45/localhost/usr/bin/su
/timeshift/snapshots/2025-10-20_11-27-45/localhost/usr/bin/passwd
/timeshift/snapshots/2025-10-20_11-27-45/localhost/usr/bin/ssh-agent
/timeshift/snapshots/2025-10-20_11-27-45/localhost/usr/bin/umount
/timeshift/snapshots/2025-10-20_11-27-45/localhost/usr/bin/crontab
/timeshift/snapshots/2025-10-20_11-27-45/localhost/usr/bin/gpasswd
/timeshift/snapshots/2025-10-20_11-27-45/localhost/usr/bin/chfn
/timeshift/snapshots/2025-10-20_11-27-45/localhost/usr/bin/chsh
/timeshift/snapshots/2025-10-20_11-27-45/localhost/usr/bin/newgrp
/timeshift/snapshots/2025-10-20_11-27-45/localhost/usr/bin/expiry
/timeshift/snapshots/2025-10-20_11-27-45/localhost/usr/bin/mount
/timeshift/snapshots/2025-10-20_11-27-45/localhost/usr/bin/chage
/timeshift/snapshots/2025-10-20_11-27-45/localhost/usr/bin/plocate
/timeshift/snapshots/2025-10-20_11-27-45/localhost/usr/bin/sudo
/timeshift/snapshots/2025-10-20_11-27-45/localhost/usr/bin/pkexec
/timeshift/snapshots/2025-10-20_11-27-45/localhost/usr/bin/fusermount3
/timeshift/snapshots/2025-10-20_11-27-45/localhost/usr/lib/virtualbox/VBoxNetNAT
/timeshift/snapshots/2025-10-20_11-27-45/localhost/usr/lib/virtualbox/VBoxHeadless
/timeshift/snapshots/2025-10-20_11-27-45/localhost/usr/lib/virtualbox/VBoxNetDHCP
/timeshift/snapshots/2025-10-20_11-27-45/localhost/usr/lib/virtualbox/VBoxNetAdpCtl
/timeshift/snapshots/2025-10-20_11-27-45/localhost/usr/lib/virtualbox/VBoxVolInfo
/timeshift/snapshots/2025-10-20_11-27-45/localhost/usr/lib/virtualbox/VirtualBoxVM
/timeshift/snapshots/2025-10-20_11-27-45/localhost/usr/lib/openssh/ssh-keysign
/timeshift/snapshots/2025-10-20_11-27-45/localhost/usr/lib/dbus-1.0/dbus-daemon-launch-helper
/timeshift/snapshots/2025-10-20_11-27-45/localhost/usr/lib/polkit-1/polkit-agent-helper-1
/timeshift/snapshots/2025-10-20_11-27-45/localhost/usr/lib/xorg/Xorg.wrap
/timeshift/snapshots/2025-10-20_11-27-45/localhost/opt/lampp/bin/suexec
/timeshift/snapshots/2025-10-20_11-27-45/localhost/opt/pt/bin/updatepttp
-----------------------------
[SYSTEMD TIMERS] Timers actifs
NEXT                            LEFT LAST                              PASSED UNIT                         ACTIVATES
Mon 2026-01-12 15:09:00 +01     6min Mon 2026-01-12 14:39:00 +01    23min ago phpsessionclean.timer        phpsessionclean.service
Mon 2026-01-12 15:28:43 +01    26min Mon 2026-01-12 14:38:03 +01    24min ago fwupd-refresh.timer          fwupd-refresh.service
Mon 2026-01-12 15:33:11 +01    30min Mon 2026-01-12 14:32:03 +01    30min ago anacron.timer                anacron.service
Mon 2026-01-12 17:05:47 +01  2h 3min Mon 2026-01-12 01:52:42 +01      10h ago motd-news.timer              motd-news.service
Mon 2026-01-12 18:15:39 +01 3h 12min Sun 2026-01-11 16:03:08 +01      20h ago systemd-tmpfiles-clean.timer systemd-tmpfiles-clean.service
Mon 2026-01-12 19:22:42 +01 4h 20min Mon 2026-01-12 10:37:31 +01 4h 25min ago apt-daily.timer              apt-daily.service
Tue 2026-01-13 00:00:00 +01       8h Mon 2026-01-12 00:00:00 +01      12h ago dpkg-db-backup.timer         dpkg-db-backup.service
Tue 2026-01-13 00:00:00 +01       8h Mon 2026-01-12 00:00:00 +01      12h ago logrotate.timer              logrotate.service
Tue 2026-01-13 01:45:04 +01      10h Mon 2026-01-12 10:32:28 +01 4h 30min ago plocate-updatedb.timer       plocate-updatedb.service
Tue 2026-01-13 06:57:55 +01      15h Mon 2026-01-12 06:57:12 +01 5h 52min ago apt-daily-upgrade.timer      apt-daily-upgrade.service
Tue 2026-01-13 11:56:13 +01      20h Mon 2026-01-12 10:03:23 +01 4h 59min ago man-db.timer                 man-db.service
Sun 2026-01-18 03:10:23 +01   5 days Sun 2026-01-11 15:48:41 +01      21h ago e2scrub_all.timer            e2scrub_all.service
Mon 2026-01-19 01:31:50 +01   6 days Mon 2026-01-12 01:08:58 +01      11h ago fstrim.timer                 fstrim.service

13 timers listed.
